mode: set
github.com/instana/go-sensor/instrumentation/instafasthttp/client.go:25.80,30.2 1 1
github.com/instana/go-sensor/instrumentation/instafasthttp/client.go:64.55,66.2 1 0
github.com/instana/go-sensor/instrumentation/instafasthttp/client.go:68.132,73.2 2 0
github.com/instana/go-sensor/instrumentation/instafasthttp/client.go:75.130,80.2 2 0
github.com/instana/go-sensor/instrumentation/instafasthttp/client.go:82.134,87.2 2 0
github.com/instana/go-sensor/instrumentation/instafasthttp/client.go:89.102,92.2 2 1
github.com/instana/go-sensor/instrumentation/instafasthttp/client.go:94.139,111.8 9 1
github.com/instana/go-sensor/instrumentation/instafasthttp/client.go:111.8,114.3 2 1
github.com/instana/go-sensor/instrumentation/instafasthttp/client.go:116.2,126.22 7 1
github.com/instana/go-sensor/instrumentation/instafasthttp/client.go:126.22,129.3 2 1
github.com/instana/go-sensor/instrumentation/instafasthttp/client.go:131.2,135.15 3 1
github.com/instana/go-sensor/instrumentation/instafasthttp/client.go:135.15,136.32 1 1
github.com/instana/go-sensor/instrumentation/instafasthttp/client.go:136.32,138.4 1 1
github.com/instana/go-sensor/instrumentation/instafasthttp/client.go:139.3,139.22 1 1
github.com/instana/go-sensor/instrumentation/instafasthttp/client.go:139.22,141.4 1 1
github.com/instana/go-sensor/instrumentation/instafasthttp/client.go:144.2,145.42 2 1
github.com/instana/go-sensor/instrumentation/instafasthttp/client.go:145.42,149.3 3 1
github.com/instana/go-sensor/instrumentation/instafasthttp/client.go:151.2,156.12 4 1
github.com/instana/go-sensor/instrumentation/instafasthttp/client.go:157.27,158.68 1 0
github.com/instana/go-sensor/instrumentation/instafasthttp/client.go:159.26,160.58 1 0
github.com/instana/go-sensor/instrumentation/instafasthttp/client.go:161.25,162.56 1 0
github.com/instana/go-sensor/instrumentation/instafasthttp/client.go:163.14,164.37 1 1
github.com/instana/go-sensor/instrumentation/instafasthttp/client.go:167.2,167.16 1 1
github.com/instana/go-sensor/instrumentation/instafasthttp/client.go:167.16,171.3 3 0
github.com/instana/go-sensor/instrumentation/instafasthttp/client.go:173.2,178.12 4 1
github.com/instana/go-sensor/instrumentation/instafasthttp/instrumentation.go:27.58,29.9 2 1
github.com/instana/go-sensor/instrumentation/instafasthttp/instrumentation.go:29.9,36.3 2 1
github.com/instana/go-sensor/instrumentation/instafasthttp/instrumentation.go:38.2,38.12 1 1
github.com/instana/go-sensor/instrumentation/instafasthttp/instrumentation.go:42.66,44.2 1 1
github.com/instana/go-sensor/instrumentation/instafasthttp/instrumentation.go:47.135,48.38 1 1
github.com/instana/go-sensor/instrumentation/instafasthttp/instrumentation.go:48.38,55.49 5 1
github.com/instana/go-sensor/instrumentation/instafasthttp/instrumentation.go:55.49,58.4 2 0
github.com/instana/go-sensor/instrumentation/instafasthttp/instrumentation.go:60.3,63.61 3 1
github.com/instana/go-sensor/instrumentation/instafasthttp/instrumentation.go:63.61,65.4 1 1
github.com/instana/go-sensor/instrumentation/instafasthttp/instrumentation.go:67.3,67.69 1 1
github.com/instana/go-sensor/instrumentation/instafasthttp/instrumentation.go:67.69,69.4 1 1
github.com/instana/go-sensor/instrumentation/instafasthttp/instrumentation.go:71.3,78.43 6 1
github.com/instana/go-sensor/instrumentation/instafasthttp/instrumentation.go:78.43,82.4 3 1
github.com/instana/go-sensor/instrumentation/instafasthttp/instrumentation.go:85.3,89.16 3 1
github.com/instana/go-sensor/instrumentation/instafasthttp/instrumentation.go:89.16,91.36 1 1
github.com/instana/go-sensor/instrumentation/instafasthttp/instrumentation.go:91.36,92.33 1 1
github.com/instana/go-sensor/instrumentation/instafasthttp/instrumentation.go:92.33,95.6 2 0
github.com/instana/go-sensor/instrumentation/instafasthttp/instrumentation.go:95.11,98.6 2 1
github.com/instana/go-sensor/instrumentation/instafasthttp/instrumentation.go:100.5,103.15 2 1
github.com/instana/go-sensor/instrumentation/instafasthttp/instrumentation.go:108.3,110.23 3 1
github.com/instana/go-sensor/instrumentation/instafasthttp/instrumentation.go:110.23,113.4 2 1
github.com/instana/go-sensor/instrumentation/instafasthttp/instrumentation.go:116.3,121.51 5 1
github.com/instana/go-sensor/instrumentation/instafasthttp/instrumentation.go:125.90,137.2 2 1
github.com/instana/go-sensor/instrumentation/instafasthttp/instrumentation.go:145.58,148.42 2 1
github.com/instana/go-sensor/instrumentation/instafasthttp/instrumentation.go:148.42,156.3 5 1
github.com/instana/go-sensor/instrumentation/instafasthttp/instrumentation.go:158.2,158.16 1 1
github.com/instana/go-sensor/instrumentation/instafasthttp/instrumentation.go:161.79,163.16 2 1
github.com/instana/go-sensor/instrumentation/instafasthttp/instrumentation.go:163.16,164.51 1 1
github.com/instana/go-sensor/instrumentation/instafasthttp/instrumentation.go:164.51,169.4 3 0
github.com/instana/go-sensor/instrumentation/instafasthttp/instrumentation.go:171.3,171.37 1 1
github.com/instana/go-sensor/instrumentation/instafasthttp/instrumentation.go:175.119,176.43 1 1
github.com/instana/go-sensor/instrumentation/instafasthttp/instrumentation.go:176.43,177.35 1 1
github.com/instana/go-sensor/instrumentation/instafasthttp/instrumentation.go:177.35,179.4 1 1
github.com/instana/go-sensor/instrumentation/instafasthttp/instrumentation.go:183.169,186.9 3 1
github.com/instana/go-sensor/instrumentation/instafasthttp/instrumentation.go:187.18,188.56 1 1
github.com/instana/go-sensor/instrumentation/instafasthttp/instrumentation.go:189.49,190.118 1 1
github.com/instana/go-sensor/instrumentation/instafasthttp/instrumentation.go:191.47,192.133 1 0
github.com/instana/go-sensor/instrumentation/instafasthttp/instrumentation.go:193.10,194.80 1 0
github.com/instana/go-sensor/instrumentation/instafasthttp/instrumentation.go:196.2,196.13 1 1
github.com/instana/go-sensor/instrumentation/instafasthttp/instrumentation.go:199.91,202.24 2 1
github.com/instana/go-sensor/instrumentation/instafasthttp/instrumentation.go:202.24,203.23 1 1
github.com/instana/go-sensor/instrumentation/instafasthttp/instrumentation.go:203.23,205.4 1 1
github.com/instana/go-sensor/instrumentation/instafasthttp/instrumentation.go:208.2,208.15 1 1
github.com/instana/go-sensor/instrumentation/instafasthttp/instrumentation.go:211.96,212.31 1 1
github.com/instana/go-sensor/instrumentation/instafasthttp/instrumentation.go:212.31,214.3 1 1
github.com/instana/go-sensor/instrumentation/instafasthttp/instrumentation.go:215.2,215.21 1 1
github.com/instana/go-sensor/instrumentation/instafasthttp/instrumentation.go:215.21,217.3 1 1
github.com/instana/go-sensor/instrumentation/instafasthttp/instrumentation.go:222.138,224.2 1 1
github.com/instana/go-sensor/instrumentation/instafasthttp/instrumentation.go:228.123,229.16 1 1
github.com/instana/go-sensor/instrumentation/instafasthttp/instrumentation.go:229.16,231.3 1 0
github.com/instana/go-sensor/instrumentation/instafasthttp/instrumentation.go:232.2,232.21 1 1
github.com/instana/go-sensor/instrumentation/instafasthttp/instrumentation.go:232.21,234.3 1 1
github.com/instana/go-sensor/instrumentation/instafasthttp/instrumentation.go:235.2,235.121 1 1
github.com/instana/go-sensor/instrumentation/instafasthttp/instrumentation.go:235.121,252.9 9 1
github.com/instana/go-sensor/instrumentation/instafasthttp/instrumentation.go:252.9,255.4 2 1
github.com/instana/go-sensor/instrumentation/instafasthttp/instrumentation.go:257.3,267.23 7 1
github.com/instana/go-sensor/instrumentation/instafasthttp/instrumentation.go:267.23,270.4 2 1
github.com/instana/go-sensor/instrumentation/instafasthttp/instrumentation.go:272.3,276.43 4 1
github.com/instana/go-sensor/instrumentation/instafasthttp/instrumentation.go:276.43,280.4 3 1
github.com/instana/go-sensor/instrumentation/instafasthttp/instrumentation.go:283.3,289.17 5 1
github.com/instana/go-sensor/instrumentation/instafasthttp/instrumentation.go:289.17,293.4 3 1
github.com/instana/go-sensor/instrumentation/instafasthttp/instrumentation.go:295.3,300.20 4 1
